<?xml version="1.0" encoding="UTF-8"?>
<testsuite name="net.ddns.chrisp1985.chrisp1985application.ExampleUnitTest" tests="1" skipped="0" failures="0" errors="0" timestamp="2016-07-28T07:57:05" hostname="CAMD083" time="0.0">
  <properties/>
  <testcase name="addition_isCorrect" classname="net.ddns.chrisp1985.chrisp1985application.ExampleUnitTest" time="0.0"/>
  <system-out><![CDATA[]]></system-out>
  <system-err><![CDATA[]]></system-err>
</testsuite>
